Using pre-set license
Built from '2020.3/staging' branch; Version is '2020.3.18f1 (a7d1c678663c) revision 10998214'; Using compiler version '192528614'; Build Type 'Release'
OS: 'Windows 10 Home; OS build 19042.1237; Version 2009; 64bit' Language: 'zh' Physical Memory: 3973 MB
BatchMode: 1, IsHumanControllingUs: 0, StartBugReporterOnCrash: 0, Is64bit: 1, IsPro: 0

COMMAND LINE ARGUMENTS:
C:\Program Files\Unity\Hub\Editor\2020.3.18f1\Editor\Unity.exe
-adb2
-batchMode
-noUpm
-name
AssetImportWorker0
-projectPath
C:/Users/schen/Desktop/kidclass_middleExam/kidclass_middleExam
-logFile
Logs/AssetImportWorker0.log
-srvPort
52515
Successfully changed project path to: C:/Users/schen/Desktop/kidclass_middleExam/kidclass_middleExam
C:/Users/schen/Desktop/kidclass_middleExam/kidclass_middleExam
Using Asset Import Pipeline V2.
Refreshing native plugins compatible for Editor in 121.77 ms, found 3 plugins.
Preloading 0 native plugins for Editor in 0.00 ms.
Initialize engine version: 2020.3.18f1 (a7d1c678663c)
[Subsystems] Discovering subsystems at path C:/Program Files/Unity/Hub/Editor/2020.3.18f1/Editor/Data/Resources/UnitySubsystems
[Subsystems] Discovering subsystems at path C:/Users/schen/Desktop/kidclass_middleExam/kidclass_middleExam/Assets
GfxDevice: creating device client; threaded=0
Direct3D:
    Version:  Direct3D 11.0 [level 11.1]
    Renderer: NVIDIA GeForce MX150 (ID=0x1d10)
    Vendor:   
    VRAM:     1983 MB
    Driver:   23.21.13.9125
Initialize mono
Mono path[0] = 'C:/Program Files/Unity/Hub/Editor/2020.3.18f1/Editor/Data/Managed'
Mono path[1] = 'C:/Program Files/Unity/Hub/Editor/2020.3.18f1/Editor/Data/MonoBleedingEdge/lib/mono/unityjit'
Mono config path = 'C:/Program Files/Unity/Hub/Editor/2020.3.18f1/Editor/Data/MonoBleedingEdge/etc'
Using monoOptions --debugger-agent=transport=dt_socket,embedding=1,server=y,suspend=n,address=127.0.0.1:56496
Begin MonoManager ReloadAssembly
Registering precompiled unity dll's ...
Register platform support module: C:/Program Files/Unity/Hub/Editor/2020.3.18f1/Editor/Data/PlaybackEngines/WebGLSupport/UnityEditor.WebGL.Extensions.dll
Register platform support module: C:/Program Files/Unity/Hub/Editor/2020.3.18f1/Editor/Data/PlaybackEngines/WindowsStandaloneSupport/UnityEditor.WindowsStandalone.Extensions.dll
Registered in 0.008497 seconds.
Native extension for WindowsStandalone target not found
Native extension for WebGL target not found
Refreshing native plugins compatible for Editor in 81.92 ms, found 3 plugins.
Preloading 0 native plugins for Editor in 0.00 ms.
Mono: successfully reloaded assembly
- Completed reload, in  5.639 seconds
Domain Reload Profiling:
	ReloadAssembly (5639ms)
		BeginReloadAssembly (147ms)
			ExecutionOrderSort (0ms)
			DisableScriptedObjects (0ms)
			BackupInstance (0ms)
			ReleaseScriptingObjects (0ms)
			CreateAndSetChildDomain (1ms)
		EndReloadAssembly (866ms)
			LoadAssemblies (140ms)
			RebuildTransferFunctionScriptingTraits (0ms)
			SetupTypeCache (298ms)
			ReleaseScriptCaches (0ms)
			RebuildScriptCaches (62ms)
			SetupLoadedEditorAssemblies (335ms)
				LogAssemblyErrors (0ms)
				InitializePlatformSupportModulesInManaged (9ms)
				SetLoadedEditorAssemblies (0ms)
				RefreshPlugins (82ms)
				BeforeProcessingInitializeOnLoad (33ms)
				ProcessInitializeOnLoadAttributes (155ms)
				ProcessInitializeOnLoadMethodAttributes (55ms)
				AfterProcessingInitializeOnLoad (0ms)
				EditorAssembliesLoaded (0ms)
			ExecutionOrderSort2 (0ms)
			AwakeInstancesAfterBackupRestoration (0ms)
Platform modules already initialized, skipping
Registering precompiled user dll's ...
Registered in 0.018879 seconds.
Begin MonoManager ReloadAssembly
Native extension for WindowsStandalone target not found
Native extension for WebGL target not found
Refreshing native plugins compatible for Editor in 82.59 ms, found 3 plugins.
Preloading 0 native plugins for Editor in 0.00 ms.
Mono: successfully reloaded assembly
- Completed reload, in  2.308 seconds
Domain Reload Profiling:
	ReloadAssembly (2311ms)
		BeginReloadAssembly (298ms)
			ExecutionOrderSort (0ms)
			DisableScriptedObjects (9ms)
			BackupInstance (0ms)
			ReleaseScriptingObjects (0ms)
			CreateAndSetChildDomain (33ms)
		EndReloadAssembly (1856ms)
			LoadAssemblies (289ms)
			RebuildTransferFunctionScriptingTraits (0ms)
			SetupTypeCache (553ms)
			ReleaseScriptCaches (1ms)
			RebuildScriptCaches (85ms)
			SetupLoadedEditorAssemblies (680ms)
				LogAssemblyErrors (0ms)
				InitializePlatformSupportModulesInManaged (9ms)
				SetLoadedEditorAssemblies (0ms)
				RefreshPlugins (83ms)
				BeforeProcessingInitializeOnLoad (168ms)
				ProcessInitializeOnLoadAttributes (371ms)
				ProcessInitializeOnLoadMethodAttributes (26ms)
				AfterProcessingInitializeOnLoad (23ms)
				EditorAssembliesLoaded (0ms)
			ExecutionOrderSort2 (0ms)
			AwakeInstancesAfterBackupRestoration (12ms)
Platform modules already initialized, skipping
========================================================================
Worker process is ready to serve import requests
Launched and connected shader compiler UnityShaderCompiler.exe after 0.11 seconds
Refreshing native plugins compatible for Editor in 0.78 ms, found 3 plugins.
Preloading 0 native plugins for Editor in 0.00 ms.
Unloading 2091 Unused Serialized files (Serialized files now loaded: 0)
System memory in use before: 93.4 MB.
System memory in use after: 93.5 MB.

Unloading 26 unused Assets to reduce memory usage. Loaded Objects now: 2533.
Total: 5.059800 ms (FindLiveObjects: 0.308700 ms CreateObjectMapping: 0.147700 ms MarkObjects: 4.473300 ms  DeleteObjects: 0.128400 ms)

AssetImportParameters requested are different than current active one (requested -> active):
  custom:framework-win-MediaFoundation: 216162199b28c13a410421893ffa2e32 -> 
  custom:video-decoder-ogg-theora: a1e56fd34408186e4bbccfd4996cb3dc -> 
  custom:container-muxer-webm: aa71ff27fc2769a1b78a27578f13a17b -> 
  custom:container-demuxer-webm: 4f35f7cbe854078d1ac9338744f61a02 -> 
  custom:container-demuxer-ogg: 62fdf1f143b41e24485cea50d1cbac27 -> 
  custom:video-encoder-webm-vp8: eb34c28f22e8b96e1ab97ce403110664 -> 
  custom:video-codec-MediaFoundation-h265: 746d11721c4dcdbdad8f713fa42b33f4 -> 
  custom:video-decoder-webm-vp8: 9c59270c3fd7afecdb556c50c9e8de78 -> 
  custom:audio-decoder-ogg-vorbis: bf7c407c2cedff20999df2af8eb42d56 -> 
  custom:audio-encoder-webm-vorbis: bf7c407c2cedff20999df2af8eb42d56 -> 
========================================================================
Received Import Request.
  path: Packages/com.unity.2d.animation/Editor/Assets/SkinningModule/GenerateWeightsPanelStyle.uss
  artifactKey: Guid(24c60fb4e4533094889a2aa33ce92889) Importer(815301076,1909f56bfc062723c751e8b465ee728b)
Start importing Packages/com.unity.2d.animation/Editor/Assets/SkinningModule/GenerateWeightsPanelStyle.uss using Guid(24c60fb4e4533094889a2aa33ce92889) Importer(815301076,1909f56bfc062723c751e8b465ee728b)  -> (artifact id: '262f7448d0957af7a12daf2385b6a385') in 0.126333 seconds 
  Import took 0.133177 seconds .

========================================================================
Received Import Request.
  Time since last request: 0.000811 seconds.
  path: Packages/com.unity.2d.animation/Editor/Assets/SkinningModule/VisibilityToolWindow.uxml
  artifactKey: Guid(7c5cb5d0bb89666419fa44a3e64ed366) Importer(815301076,1909f56bfc062723c751e8b465ee728b)
Start importing Packages/com.unity.2d.animation/Editor/Assets/SkinningModule/VisibilityToolWindow.uxml using Guid(7c5cb5d0bb89666419fa44a3e64ed366) Importer(815301076,1909f56bfc062723c751e8b465ee728b)  -> (artifact id: '3f96560b6de8b1dc688788b9e321ab0d') in 0.027833 seconds 
  Import took 0.035593 seconds .

========================================================================
Received Import Request.
  Time since last request: 0.000756 seconds.
  path: Packages/com.unity.2d.animation/Editor/Assets/SkinningModule/GenerateWeightsPanel.uxml
  artifactKey: Guid(676867f8653a3ec40a598ba3ccea79c6) Importer(815301076,1909f56bfc062723c751e8b465ee728b)
Start importing Packages/com.unity.2d.animation/Editor/Assets/SkinningModule/GenerateWeightsPanel.uxml using Guid(676867f8653a3ec40a598ba3ccea79c6) Importer(815301076,1909f56bfc062723c751e8b465ee728b)  -> (artifact id: '3ca3f75ca7b6e74dd40ca95c914744a8') in 0.014723 seconds 
  Import took 0.023363 seconds .

========================================================================
Received Import Request.
  Time since last request: 0.001401 seconds.
  path: Packages/com.unity.2d.animation/Editor/Assets/SkinningModule/ToolbarStyle.uss
  artifactKey: Guid(449db082dbe14ec4b97d3e130d5c71b4) Importer(815301076,1909f56bfc062723c751e8b465ee728b)
Start importing Packages/com.unity.2d.animation/Editor/Assets/SkinningModule/ToolbarStyle.uss using Guid(449db082dbe14ec4b97d3e130d5c71b4) Importer(815301076,1909f56bfc062723c751e8b465ee728b)  -> (artifact id: '4caeaf78b81f903f6135c0314ed80308') in 0.014666 seconds 
  Import took 0.022353 seconds .

========================================================================
Received Import Request.
  Time since last request: 0.000492 seconds.
  path: Packages/com.unity.mathematics
  artifactKey: Guid(795e97ad99e2f6ffd2060ae1983b6f25) Importer(815301076,1909f56bfc062723c751e8b465ee728b)
Start importing Packages/com.unity.mathematics using Guid(795e97ad99e2f6ffd2060ae1983b6f25) Importer(815301076,1909f56bfc062723c751e8b465ee728b)  -> (artifact id: 'aebfa49ff76e8719c04c38f477933d69') in 0.013209 seconds 
  Import took 0.022417 seconds .

========================================================================
Received Import Request.
  Time since last request: 0.000477 seconds.
  path: Packages/com.unity.2d.animation/Editor/Assets/SkinningModule/MeshToolbarStyle.uss
  artifactKey: Guid(230294e66b45c7e4696341b7c6f0eea5) Importer(815301076,1909f56bfc062723c751e8b465ee728b)
Start importing Packages/com.unity.2d.animation/Editor/Assets/SkinningModule/MeshToolbarStyle.uss using Guid(230294e66b45c7e4696341b7c6f0eea5) Importer(815301076,1909f56bfc062723c751e8b465ee728b)  -> (artifact id: 'eec34424712afc42504f694d9967c358') in 0.047862 seconds 
  Import took 0.058209 seconds .

========================================================================
Received Import Request.
  Time since last request: 0.000327 seconds.
  path: Packages/com.unity.2d.animation/Editor/Assets/SkinningModule/WeightToolbarStyle.uss
  artifactKey: Guid(d5088f76dafda4b48b76b33f42653e6c) Importer(815301076,1909f56bfc062723c751e8b465ee728b)
Start importing Packages/com.unity.2d.animation/Editor/Assets/SkinningModule/WeightToolbarStyle.uss using Guid(d5088f76dafda4b48b76b33f42653e6c) Importer(815301076,1909f56bfc062723c751e8b465ee728b)  -> (artifact id: '2905f736c7663ea936679a73f997603d') in 0.033713 seconds 
  Import took 0.040059 seconds .

========================================================================
Received Import Request.
  Time since last request: 0.000894 seconds.
  path: Packages/com.unity.2d.animation/Editor/Assets/SkinningModule/VisibilityToolbar.uxml
  artifactKey: Guid(2cea33b1d0032174c8833d64fbf31529) Importer(815301076,1909f56bfc062723c751e8b465ee728b)
Start importing Packages/com.unity.2d.animation/Editor/Assets/SkinningModule/VisibilityToolbar.uxml using Guid(2cea33b1d0032174c8833d64fbf31529) Importer(815301076,1909f56bfc062723c751e8b465ee728b)  -> (artifact id: '9587009defa8bedc5151db2598988e1d') in 0.013821 seconds 
  Import took 0.024011 seconds .

========================================================================
Received Import Request.
  Time since last request: 0.000459 seconds.
  path: Packages/com.unity.2d.animation/Editor/Assets/LayoutOverlay/LayoutOverlay.uxml
  artifactKey: Guid(46c8e0bde8bfa5a4eadb9b33d3543bcd) Importer(815301076,1909f56bfc062723c751e8b465ee728b)
Start importing Packages/com.unity.2d.animation/Editor/Assets/LayoutOverlay/LayoutOverlay.uxml using Guid(46c8e0bde8bfa5a4eadb9b33d3543bcd) Importer(815301076,1909f56bfc062723c751e8b465ee728b)  -> (artifact id: '3c1e0b31dc883cfc19a340e1312e5350') in 0.024563 seconds 
  Import took 0.032272 seconds .

========================================================================
Received Import Request.
  Time since last request: 0.005111 seconds.
  path: Packages/com.unity.2d.animation/Editor/Assets/SkinningModule/SpriteBoneInfluenceWindow.uxml
  artifactKey: Guid(5d2935f038257c44998f9aeec57d2ae7) Importer(815301076,1909f56bfc062723c751e8b465ee728b)
Start importing Packages/com.unity.2d.animation/Editor/Assets/SkinningModule/SpriteBoneInfluenceWindow.uxml using Guid(5d2935f038257c44998f9aeec57d2ae7) Importer(815301076,1909f56bfc062723c751e8b465ee728b)  -> (artifact id: 'd0f17427d33e09326af14c52b22f6617') in 0.020554 seconds 
  Import took 0.027753 seconds .

========================================================================
Received Import Request.
  Time since last request: 0.000778 seconds.
  path: Packages/com.unity.2d.animation/Editor/Assets/SkinningModule/WeightPainterPanel.uxml
  artifactKey: Guid(6e9568834ba2b2c44af4e3876cee0d2d) Importer(815301076,1909f56bfc062723c751e8b465ee728b)
Start importing Packages/com.unity.2d.animation/Editor/Assets/SkinningModule/WeightPainterPanel.uxml using Guid(6e9568834ba2b2c44af4e3876cee0d2d) Importer(815301076,1909f56bfc062723c751e8b465ee728b)  -> (artifact id: '4e4f4698c7440a087dab21ad14981071') in 0.014131 seconds 
  Import took 0.022024 seconds .

========================================================================
Received Import Request.
  Time since last request: 0.000901 seconds.
  path: Packages/com.unity.2d.animation/Editor/Assets/SkinningModule/GenerateGeometryPanelStyle.uss
  artifactKey: Guid(3a255b868cdf39a4494f59819f0ff29e) Importer(815301076,1909f56bfc062723c751e8b465ee728b)
Start importing Packages/com.unity.2d.animation/Editor/Assets/SkinningModule/GenerateGeometryPanelStyle.uss using Guid(3a255b868cdf39a4494f59819f0ff29e) Importer(815301076,1909f56bfc062723c751e8b465ee728b)  -> (artifact id: 'dd4d94f4959f0041c64f224ace729609') in 0.018348 seconds 
  Import took 0.029732 seconds .

========================================================================
Received Import Request.
  Time since last request: 0.000336 seconds.
  path: Packages/com.unity.2d.animation/Editor/Unity.2D.Animation.Editor.asmdef
  artifactKey: Guid(7e93558c536f24149a3181fbe0a14523) Importer(815301076,1909f56bfc062723c751e8b465ee728b)
Start importing Packages/com.unity.2d.animation/Editor/Unity.2D.Animation.Editor.asmdef using Guid(7e93558c536f24149a3181fbe0a14523) Importer(815301076,1909f56bfc062723c751e8b465ee728b)  -> (artifact id: '226ae3b09d92cf2d26621cb9119ab407') in 0.022179 seconds 
  Import took 0.030406 seconds .

========================================================================
Received Import Request.
  Time since last request: 0.000462 seconds.
  path: Packages/com.unity.2d.animation/Editor/Assets/LayoutOverlay/LayoutOverlayStyle.uss
  artifactKey: Guid(4cb62f324c9e68643acade726b44b815) Importer(815301076,1909f56bfc062723c751e8b465ee728b)
Start importing Packages/com.unity.2d.animation/Editor/Assets/LayoutOverlay/LayoutOverlayStyle.uss using Guid(4cb62f324c9e68643acade726b44b815) Importer(815301076,1909f56bfc062723c751e8b465ee728b)  -> (artifact id: '9a703a2f4ad9edc75b69628b2a40a989') in 0.029383 seconds 
  Import took 0.039647 seconds .

========================================================================
Received Import Request.
  Time since last request: 0.001526 seconds.
  path: Packages/com.unity.2d.animation/Editor/Assets/SkinningModule/CopyToolbar.uxml
  artifactKey: Guid(acacbd024ec26594a9a9eacba50475d1) Importer(815301076,1909f56bfc062723c751e8b465ee728b)
Start importing Packages/com.unity.2d.animation/Editor/Assets/SkinningModule/CopyToolbar.uxml using Guid(acacbd024ec26594a9a9eacba50475d1) Importer(815301076,1909f56bfc062723c751e8b465ee728b)  -> (artifact id: 'd99e010fef616f7900f5238b8d902994') in 0.025243 seconds 
  Import took 0.038159 seconds .

========================================================================
Received Import Request.
  Time since last request: 0.000777 seconds.
  path: Packages/com.unity.2d.animation/Editor/Assets/SkinningModule/BoneReparentWindow.uxml
  artifactKey: Guid(d195aed64b2027a4197eb33df30324a3) Importer(815301076,1909f56bfc062723c751e8b465ee728b)
Start importing Packages/com.unity.2d.animation/Editor/Assets/SkinningModule/BoneReparentWindow.uxml using Guid(d195aed64b2027a4197eb33df30324a3) Importer(815301076,1909f56bfc062723c751e8b465ee728b)  -> (artifact id: 'e6fc5d22a56ff001e15269d02df5ea58') in 0.022359 seconds 
  Import took 0.034629 seconds .

========================================================================
Received Import Request.
  Time since last request: 0.000389 seconds.
  path: Packages/com.unity.2d.animation/Editor/Assets/SkinningModule/BoneInspectorPanel.uxml
  artifactKey: Guid(1b45e34b5d565204db1307b88755e76d) Importer(815301076,1909f56bfc062723c751e8b465ee728b)
Start importing Packages/com.unity.2d.animation/Editor/Assets/SkinningModule/BoneInspectorPanel.uxml using Guid(1b45e34b5d565204db1307b88755e76d) Importer(815301076,1909f56bfc062723c751e8b465ee728b)  -> (artifact id: '04bb0aa545f4e12ff0c8a693306e44bf') in 0.026918 seconds 
  Import took 0.035528 seconds .

========================================================================
Received Import Request.
  Time since last request: 0.000329 seconds.
  path: Packages/com.unity.2d.animation/Editor/Assets/SkinningModule/BoneInspectorPanelStyle.uss
  artifactKey: Guid(630253c1b6a245746ac843e5cad0aac6) Importer(815301076,1909f56bfc062723c751e8b465ee728b)
Start importing Packages/com.unity.2d.animation/Editor/Assets/SkinningModule/BoneInspectorPanelStyle.uss using Guid(630253c1b6a245746ac843e5cad0aac6) Importer(815301076,1909f56bfc062723c751e8b465ee728b)  -> (artifact id: '87469bbd9a11d3ec63e18371ec69b98e') in 0.023381 seconds 
  Import took 0.034399 seconds .

========================================================================
Received Import Request.
  Time since last request: 0.000430 seconds.
  path: Packages/com.unity.2d.animation/Editor/Assets/SkinningModule/BoneReparentStyle.uss
  artifactKey: Guid(bba2f5e225fa49144a222787bfb6bcdf) Importer(815301076,1909f56bfc062723c751e8b465ee728b)
Start importing Packages/com.unity.2d.animation/Editor/Assets/SkinningModule/BoneReparentStyle.uss using Guid(bba2f5e225fa49144a222787bfb6bcdf) Importer(815301076,1909f56bfc062723c751e8b465ee728b)  -> (artifact id: 'bf489da50de2259bd4da90deb1eb1e09') in 0.019640 seconds 
  Import took 0.027504 seconds .

========================================================================
Received Import Request.
  Time since last request: 0.000366 seconds.
  path: Packages/com.unity.2d.animation/Editor/Assets/SkinningModule/BoneToolbarStyle.uss
  artifactKey: Guid(d61989f1b8cdf884c960907a37504ceb) Importer(815301076,1909f56bfc062723c751e8b465ee728b)
Start importing Packages/com.unity.2d.animation/Editor/Assets/SkinningModule/BoneToolbarStyle.uss using Guid(d61989f1b8cdf884c960907a37504ceb) Importer(815301076,1909f56bfc062723c751e8b465ee728b)  -> (artifact id: '6e48abfab63ea9796c8971751e3d3cde') in 0.040236 seconds 
  Import took 0.048423 seconds .

========================================================================
Received Import Request.
  Time since last request: 0.000331 seconds.
  path: Packages/com.unity.2d.animation/Editor/Assets/LayoutOverlay/ScrollableToolbar.uss
  artifactKey: Guid(f3a7eea6e0f5acb479ae4e70f8f25d95) Importer(815301076,1909f56bfc062723c751e8b465ee728b)
Start importing Packages/com.unity.2d.animation/Editor/Assets/LayoutOverlay/ScrollableToolbar.uss using Guid(f3a7eea6e0f5acb479ae4e70f8f25d95) Importer(815301076,1909f56bfc062723c751e8b465ee728b)  -> (artifact id: 'cdda8f41f1812098da1023fe2c86c2c2') in 0.011710 seconds 
  Import took 0.020085 seconds .

========================================================================
Received Import Request.
  Time since last request: 0.000324 seconds.
  path: Packages/com.unity.2d.animation/Editor/Assets/SkinningModule/SpriteBoneInfluenceListWidgetStyle.uss
  artifactKey: Guid(1ccfed20edd16d54da530aa222a54372) Importer(815301076,1909f56bfc062723c751e8b465ee728b)
Start importing Packages/com.unity.2d.animation/Editor/Assets/SkinningModule/SpriteBoneInfluenceListWidgetStyle.uss using Guid(1ccfed20edd16d54da530aa222a54372) Importer(815301076,1909f56bfc062723c751e8b465ee728b)  -> (artifact id: 'f96c55fa2b978d42a600cc4a7595fecb') in 0.015611 seconds 
  Import took 0.024855 seconds .

========================================================================
Received Import Request.
  Time since last request: 0.000427 seconds.
  path: Packages/com.unity.2d.animation/Editor/Assets/SkinningModule/CopyToolbarStyle.uss
  artifactKey: Guid(520f059907bcb564dae9203e0969eb59) Importer(815301076,1909f56bfc062723c751e8b465ee728b)
Start importing Packages/com.unity.2d.animation/Editor/Assets/SkinningModule/CopyToolbarStyle.uss using Guid(520f059907bcb564dae9203e0969eb59) Importer(815301076,1909f56bfc062723c751e8b465ee728b)  -> (artifact id: '63b35e77414b433b47ec3938d2246eee') in 0.021667 seconds 
  Import took 0.029290 seconds .

========================================================================
Received Import Request.
  Time since last request: 0.000307 seconds.
  path: Packages/com.unity.2d.animation/Editor/Assets/SkinningModule/WeightPainterPanelStyle.uss
  artifactKey: Guid(b94e074c751075841957558677e2e60e) Importer(815301076,1909f56bfc062723c751e8b465ee728b)
Start importing Packages/com.unity.2d.animation/Editor/Assets/SkinningModule/WeightPainterPanelStyle.uss using Guid(b94e074c751075841957558677e2e60e) Importer(815301076,1909f56bfc062723c751e8b465ee728b)  -> (artifact id: '4058f05ba22561f91b46ba4f5857ab71') in 0.015983 seconds 
  Import took 0.025289 seconds .

========================================================================
Received Import Request.
  Time since last request: 0.000427 seconds.
  path: Packages/com.unity.2d.animation/Editor/Assets/SkinningModule/dotYellow.png
  artifactKey: Guid(173a5eb1d13d68d4ea39f3e5d2c6e2c0) Importer(815301076,1909f56bfc062723c751e8b465ee728b)
Start importing Packages/com.unity.2d.animation/Editor/Assets/SkinningModule/dotYellow.png using Guid(173a5eb1d13d68d4ea39f3e5d2c6e2c0) Importer(815301076,1909f56bfc062723c751e8b465ee728b)  -> (artifact id: 'a583301c5fb0cbbc8b3607ceacf6aa2f') in 0.111247 seconds 
  Import took 0.117069 seconds .

========================================================================
Received Import Request.
  Time since last request: 0.000298 seconds.
  path: Packages/com.unity.2d.animation/Editor/Assets/SkinningModule/WeightInspectorIMGUIPanelStyle.uss
  artifactKey: Guid(31c817456951a8b4f9c5a038f633223c) Importer(815301076,1909f56bfc062723c751e8b465ee728b)
Start importing Packages/com.unity.2d.animation/Editor/Assets/SkinningModule/WeightInspectorIMGUIPanelStyle.uss using Guid(31c817456951a8b4f9c5a038f633223c) Importer(815301076,1909f56bfc062723c751e8b465ee728b)  -> (artifact id: '9b4b620db52f142fdeab0d848c279c04') in 0.010776 seconds 
  Import took 0.016725 seconds .

========================================================================
Received Import Request.
  Time since last request: 0.000338 seconds.
  path: Packages/com.unity.2d.animation/Editor/Assets/SkinningModule/MeshToolbar.uxml
  artifactKey: Guid(e085ef9f44efb404ca5462391539bf32) Importer(815301076,1909f56bfc062723c751e8b465ee728b)
Start importing Packages/com.unity.2d.animation/Editor/Assets/SkinningModule/MeshToolbar.uxml using Guid(e085ef9f44efb404ca5462391539bf32) Importer(815301076,1909f56bfc062723c751e8b465ee728b)  -> (artifact id: '775c1d377dfc928e8bd8742907a23372') in 0.016504 seconds 
  Import took 0.024406 seconds .

========================================================================
Received Import Request.
  Time since last request: 0.000421 seconds.
  path: Packages/com.unity.2d.animation/Editor/Assets/SkinningModule/VisibilityTool.uss
  artifactKey: Guid(3cb521b5cc4956f4a9018b9e357aa680) Importer(815301076,1909f56bfc062723c751e8b465ee728b)
Start importing Packages/com.unity.2d.animation/Editor/Assets/SkinningModule/VisibilityTool.uss using Guid(3cb521b5cc4956f4a9018b9e357aa680) Importer(815301076,1909f56bfc062723c751e8b465ee728b)  -> (artifact id: '31904eebdf16b20eb0a419d9ebb8419d') in 0.025400 seconds 
  Import took 0.033357 seconds .

========================================================================
Received Import Request.
  Time since last request: 0.000570 seconds.
  path: Packages/com.unity.2d.animation/Editor/Assets/SkinningModule/PastePanel.uxml
  artifactKey: Guid(7bbb98f319252794fab775275aa2632d) Importer(815301076,1909f56bfc062723c751e8b465ee728b)
Start importing Packages/com.unity.2d.animation/Editor/Assets/SkinningModule/PastePanel.uxml using Guid(7bbb98f319252794fab775275aa2632d) Importer(815301076,1909f56bfc062723c751e8b465ee728b)  -> (artifact id: 'd784e0062118146bda6c4b9825b7180b') in 0.016766 seconds 
  Import took 0.026398 seconds .

========================================================================
Received Import Request.
  Time since last request: 0.000334 seconds.
  path: Packages/com.unity.2d.animation/Editor/Assets/SkinningModule/BoneToolbar.uxml
  artifactKey: Guid(c1808a8a0e94621468b171839da19a41) Importer(815301076,1909f56bfc062723c751e8b465ee728b)
Start importing Packages/com.unity.2d.animation/Editor/Assets/SkinningModule/BoneToolbar.uxml using Guid(c1808a8a0e94621468b171839da19a41) Importer(815301076,1909f56bfc062723c751e8b465ee728b)  -> (artifact id: '2d6be9b40c9708e8b2a89791c59b3d5f') in 0.016358 seconds 
  Import took 0.027234 seconds .

========================================================================
Received Import Request.
  Time since last request: 0.000302 seconds.
  path: Packages/com.unity.2d.animation/Editor/Assets/SkinningModule/PastePanelStyle.uss
  artifactKey: Guid(2362443a3fd04784d9c18412e771c7fa) Importer(815301076,1909f56bfc062723c751e8b465ee728b)
Start importing Packages/com.unity.2d.animation/Editor/Assets/SkinningModule/PastePanelStyle.uss using Guid(2362443a3fd04784d9c18412e771c7fa) Importer(815301076,1909f56bfc062723c751e8b465ee728b)  -> (artifact id: '39d6144a636c0e4f3fc0c9962ec2eabd') in 0.015182 seconds 
  Import took 0.023033 seconds .

========================================================================
Received Import Request.
  Time since last request: 0.000346 seconds.
  path: Packages/com.unity.ide.rider/package.json
  artifactKey: Guid(66c95bb3c74257f41bae2622511dc02d) Importer(815301076,1909f56bfc062723c751e8b465ee728b)
Start importing Packages/com.unity.ide.rider/package.json using Guid(66c95bb3c74257f41bae2622511dc02d) Importer(815301076,1909f56bfc062723c751e8b465ee728b)  -> (artifact id: 'ff96f7b61e94a0dc9b975679be81ead9') in 0.019437 seconds 
  Import took 0.029095 seconds .

========================================================================
Received Import Request.
  Time since last request: 0.000453 seconds.
  path: Packages/com.unity.2d.animation/Editor/Assets/SkinningModule/SpriteBoneInfluenceListWidget.uxml
  artifactKey: Guid(92fd05e0a13c5e74f8eca8a4beac1fd7) Importer(815301076,1909f56bfc062723c751e8b465ee728b)
Start importing Packages/com.unity.2d.animation/Editor/Assets/SkinningModule/SpriteBoneInfluenceListWidget.uxml using Guid(92fd05e0a13c5e74f8eca8a4beac1fd7) Importer(815301076,1909f56bfc062723c751e8b465ee728b)  -> (artifact id: 'c7b6f415092a890c7cbd5b87ca02d629') in 0.012431 seconds 
  Import took 0.020673 seconds .

========================================================================
Received Import Request.
  Time since last request: 0.001969 seconds.
  path: Packages/com.unity.2d.animation/Editor/Assets/SkinningModule/GenerateGeometryPanel.uxml
  artifactKey: Guid(d62df6d8cd1bb504dbae262bb6d6efe6) Importer(815301076,1909f56bfc062723c751e8b465ee728b)
Start importing Packages/com.unity.2d.animation/Editor/Assets/SkinningModule/GenerateGeometryPanel.uxml using Guid(d62df6d8cd1bb504dbae262bb6d6efe6) Importer(815301076,1909f56bfc062723c751e8b465ee728b)  -> (artifact id: '2ebb3aa708b54b753ae1d11d21d82289') in 0.014243 seconds 
  Import took 0.022860 seconds .

========================================================================
Received Import Request.
  Time since last request: 0.000344 seconds.
  path: Packages/com.unity.2d.animation/Editor/Assets/SkinningModule/SpriteBoneInfluenceWindowStyle.uss
  artifactKey: Guid(72c98894fc0953a4486e96fa2cff6f8d) Importer(815301076,1909f56bfc062723c751e8b465ee728b)
Start importing Packages/com.unity.2d.animation/Editor/Assets/SkinningModule/SpriteBoneInfluenceWindowStyle.uss using Guid(72c98894fc0953a4486e96fa2cff6f8d) Importer(815301076,1909f56bfc062723c751e8b465ee728b)  -> (artifact id: 'b88aefc31e427c0698861a5a34ff5a65') in 0.021677 seconds 
  Import took 0.034678 seconds .

========================================================================
Received Import Request.
  Time since last request: 0.001061 seconds.
  path: Packages/com.unity.mathematics/package.json
  artifactKey: Guid(d34d0af25c21141a98c0cf3c0066444f) Importer(815301076,1909f56bfc062723c751e8b465ee728b)
Start importing Packages/com.unity.mathematics/package.json using Guid(d34d0af25c21141a98c0cf3c0066444f) Importer(815301076,1909f56bfc062723c751e8b465ee728b)  -> (artifact id: '421048e766e0d8e0b608a2d58a809366') in 0.037532 seconds 
  Import took 0.062928 seconds .

========================================================================
Received Import Request.
  Time since last request: 0.002024 seconds.
  path: Packages/com.unity.2d.animation/Editor/Assets/SkinningModule/WeightToolbar.uxml
  artifactKey: Guid(ccf751df7bd10e14db670d1353e02ea0) Importer(815301076,1909f56bfc062723c751e8b465ee728b)
Start importing Packages/com.unity.2d.animation/Editor/Assets/SkinningModule/WeightToolbar.uxml using Guid(ccf751df7bd10e14db670d1353e02ea0) Importer(815301076,1909f56bfc062723c751e8b465ee728b)  -> (artifact id: '3a5ae7919a2991ea98da9c566f651102') in 0.027840 seconds 
  Import took 0.048815 seconds .

========================================================================
Received Import Request.
  Time since last request: 0.002071 seconds.
  path: Packages/com.unity.2d.animation/Editor/Assets/SkinningModule/dotCyan.png
  artifactKey: Guid(5b56cb1a6bd97f348b3a3b6f875aafd6) Importer(815301076,1909f56bfc062723c751e8b465ee728b)
Start importing Packages/com.unity.2d.animation/Editor/Assets/SkinningModule/dotCyan.png using Guid(5b56cb1a6bd97f348b3a3b6f875aafd6) Importer(815301076,1909f56bfc062723c751e8b465ee728b)  -> (artifact id: 'a320ec22a9233e30e9e4214328c7c041') in 0.037123 seconds 
  Import took 0.054060 seconds .

AssetImportWorkerClient::OnTransportError - code=2 error=End of file
